<?xml version="1.0" encoding="UTF-8"?>
<!-- Generated by org.testng.reporters.JUnitReportReporter -->
<testsuite hostname="DESKTOP-1ES5BAR" failures="0" tests="5" name="testCases.TC003_LoginDDT" time="50.546" errors="0" timestamp="2026-04-13T16:15:06 IST" skipped="0">
  <testcase classname="testCases.TC003_LoginDDT" name="verify_loginDDT" time="6.719"/>
  <testcase classname="testCases.TC003_LoginDDT" name="verify_loginDDT" time="6.350"/>
  <testcase classname="testCases.TC003_LoginDDT" name="verify_loginDDT" time="15.268"/>
  <testcase classname="testCases.TC003_LoginDDT" name="verify_loginDDT" time="15.693"/>
  <testcase classname="testCases.TC003_LoginDDT" name="verify_loginDDT" time="6.516"/>
</testsuite> <!-- testCases.TC003_LoginDDT -->
