<?xml version="1.0" encoding="UTF-8"?>
<!-- Generated by org.testng.reporters.JUnitReportReporter -->
<testsuite hostname="DESKTOP-1ES5BAR" failures="0" tests="2" name="testCases.TC001_AccountRegistrationTest" time="14.232" errors="0" timestamp="2026-04-18T18:28:09 IST" skipped="0">
  <testcase classname="testCases.TC001_AccountRegistrationTest" name="verify_account_registration" time="7.608"/>
  <testcase classname="testCases.TC001_AccountRegistrationTest" name="verify_account_registration" time="6.624"/>
</testsuite> <!-- testCases.TC001_AccountRegistrationTest -->
